#
# There is insufficient memory for the Java Runtime Environment to continue.
# Native memory allocation (malloc) failed to allocate 1048576 bytes. Error detail: AllocateHeap
# Possible reasons:
#   The system is out of physical RAM or swap space
#   This process is running with CompressedOops enabled, and the Java Heap may be blocking the growth of the native heap
# Possible solutions:
#   Reduce memory load on the system
#   Increase physical memory or swap space
#   Check if swap backing store is full
#   Decrease Java heap size (-Xmx/-Xms)
#   Decrease number of Java threads
#   Decrease Java thread stack sizes (-Xss)
#   Set larger code cache with -XX:ReservedCodeCacheSize=
#   JVM is running with Unscaled Compressed Oops mode in which the Java heap is
#     placed in the first 4GB address space. The Java Heap base address is the
#     maximum limit for the native heap growth. Please use -XX:HeapBaseMinAddress
#     to set the Java Heap base and to place the Java Heap above 4GB virtual address.
# This output file may be truncated or incomplete.
#
#  Out of Memory Error (allocation.cpp:44), pid=14568, tid=344
#
# JRE version: OpenJDK Runtime Environment Temurin-21.0.9+10 (21.0.9+10) (build 21.0.9+10-LTS)
# Java VM: OpenJDK 64-Bit Server VM Temurin-21.0.9+10 (21.0.9+10-LTS, mixed mode, sharing, tiered, compressed oops, compressed class ptrs, parallel gc, windows-amd64)
# No core dump will be written. Minidumps are not enabled by default on client versions of Windows
#

---------------  S U M M A R Y ------------

Command Line: --add-modules=ALL-SYSTEM --add-opens=java.base/java.util=ALL-UNNAMED --add-opens=java.base/java.lang=ALL-UNNAMED --add-opens=java.base/sun.nio.fs=ALL-UNNAMED -Declipse.application=org.eclipse.jdt.ls.core.id1 -Dosgi.bundles.defaultStartLevel=4 -Declipse.product=org.eclipse.jdt.ls.core.product -Djava.import.generatesMetadataFilesAtProjectRoot=false -DDetectVMInstallationsJob.disabled=true -Dfile.encoding=utf8 -XX:+UseParallelGC -XX:GCTimeRatio=4 -XX:AdaptiveSizePolicyWeight=90 -Dsun.zip.disableMemoryMapping=true -Xmx2G -Xms100m -Xlog:disable -javaagent:c:\Users\dormi\.antigravity\extensions\redhat.java-1.51.0-win32-x64\lombok\lombok-1.18.39-4050.jar -XX:+HeapDumpOnOutOfMemoryError -XX:HeapDumpPath=c:\Users\dormi\AppData\Roaming\Antigravity\User\workspaceStorage\27e4dfd219030b72b3d2f20eb1365bf7\redhat.java -Daether.dependencyCollector.impl=bf c:\Users\dormi\.antigravity\extensions\redhat.java-1.51.0-win32-x64\server\plugins\org.eclipse.equinox.launcher_1.7.100.v20251111-0406.jar -configuration c:\Users\dormi\AppData\Roaming\Antigravity\User\globalStorage\redhat.java\1.51.0\config_win -data c:\Users\dormi\AppData\Roaming\Antigravity\User\workspaceStorage\27e4dfd219030b72b3d2f20eb1365bf7\redhat.java\jdt_ws --pipe=\\.\pipe\lsp-75c1228340400ef1c73020d116620e25-sock

Host: 11th Gen Intel(R) Core(TM) i5-11400H @ 2.70GHz, 12 cores, 7G,  Windows 11 , 64 bit Build 26100 (10.0.26100.7309)
Time: Tue Jan 13 10:17:57 2026 Hora est. Pacífico, Sudamérica elapsed time: 1964.841590 seconds (0d 0h 32m 44s)

---------------  T H R E A D  ---------------

Current thread (0x00000267cc351420):  JavaThread "Attach Listener" daemon [_thread_in_vm, id=344, stack(0x0000009bc7e00000,0x0000009bc7f00000) (1024K)]

Stack: [0x0000009bc7e00000,0x0000009bc7f00000]
Native frames: (J=compiled Java code, j=interpreted, Vv=VM code, C=native code)
V  [jvm.dll+0x6d6e29]
V  [jvm.dll+0x8b4b76]
V  [jvm.dll+0x8b712e]
V  [jvm.dll+0x8b7813]
V  [jvm.dll+0x283d86]
V  [jvm.dll+0xc1277]
V  [jvm.dll+0x6d76d9]
V  [jvm.dll+0x133466]
V  [jvm.dll+0x3f7ea6]
V  [jvm.dll+0x85e9ad]
V  [jvm.dll+0x6d565d]
C  [ucrtbase.dll+0x37b0]
C  [KERNEL32.DLL+0x2e8d7]
C  [ntdll.dll+0x8c53c]


---------------  P R O C E S S  ---------------

Threads class SMR info:
_java_thread_list=0x00000267ecd93630, length=38, elements={
0x00000267c9fea570, 0x00000267cc46e110, 0x00000267cc34f970, 0x00000267cc3586e0,
0x00000267cc351420, 0x00000267cc351e70, 0x00000267cc35c150, 0x00000267e40b1fb0,
0x00000267e40e03d0, 0x00000267e426b560, 0x00000267e43e7020, 0x00000267e560bdc0,
0x00000267e554ea80, 0x00000267e5578de0, 0x00000267e5750370, 0x00000267ea31daf0,
0x00000267e54cff40, 0x00000267ea464330, 0x00000267e438d1b0, 0x00000267e53269a0,
0x00000267e5327030, 0x00000267e5329100, 0x00000267e53283e0, 0x00000267ec800dc0,
0x00000267ec7ffa10, 0x00000267ec7fd940, 0x00000267ec7ff380, 0x00000267ec800730,
0x00000267ec7fe660, 0x00000267ec8000a0, 0x00000267ec7fecf0, 0x00000267ec801450,
0x00000267ec7fdfd0, 0x00000267ec801ae0, 0x00000267ec802800, 0x00000267ec804240,
0x00000267ec802e90, 0x00000267ecf43d70
}

Java Threads: ( => current thread )
  0x00000267c9fea570 JavaThread "main"                              [_thread_blocked, id=31336, stack(0x0000009bc7700000,0x0000009bc7800000) (1024K)]
  0x00000267cc46e110 JavaThread "Reference Handler"          daemon [_thread_blocked, id=18136, stack(0x0000009bc7b00000,0x0000009bc7c00000) (1024K)]
  0x00000267cc34f970 JavaThread "Finalizer"                  daemon [_thread_blocked, id=2988, stack(0x0000009bc7c00000,0x0000009bc7d00000) (1024K)]
  0x00000267cc3586e0 JavaThread "Signal Dispatcher"          daemon [_thread_blocked, id=17756, stack(0x0000009bc7d00000,0x0000009bc7e00000) (1024K)]
=>0x00000267cc351420 JavaThread "Attach Listener"            daemon [_thread_in_vm, id=344, stack(0x0000009bc7e00000,0x0000009bc7f00000) (1024K)]
  0x00000267cc351e70 JavaThread "Service Thread"             daemon [_thread_blocked, id=6688, stack(0x0000009bc7f00000,0x0000009bc8000000) (1024K)]
  0x00000267cc35c150 JavaThread "Monitor Deflation Thread"   daemon [_thread_blocked, id=26452, stack(0x0000009bc8000000,0x0000009bc8100000) (1024K)]
  0x00000267e40b1fb0 JavaThread "C2 CompilerThread0"         daemon [_thread_blocked, id=8076, stack(0x0000009bc8100000,0x0000009bc8200000) (1024K)]
  0x00000267e40e03d0 JavaThread "C1 CompilerThread0"         daemon [_thread_blocked, id=14560, stack(0x0000009bc8200000,0x0000009bc8300000) (1024K)]
  0x00000267e426b560 JavaThread "Common-Cleaner"             daemon [_thread_blocked, id=14880, stack(0x0000009bc8300000,0x0000009bc8400000) (1024K)]
  0x00000267e43e7020 JavaThread "Notification Thread"        daemon [_thread_blocked, id=35948, stack(0x0000009bc8400000,0x0000009bc8500000) (1024K)]
  0x00000267e560bdc0 JavaThread "Active Thread: Equinox Container: 84057d36-c538-451c-aced-2d63d0307d02"        [_thread_blocked, id=30712, stack(0x0000009bc8b00000,0x0000009bc8c00000) (1024K)]
  0x00000267e554ea80 JavaThread "Refresh Thread: Equinox Container: 84057d36-c538-451c-aced-2d63d0307d02" daemon [_thread_blocked, id=23172, stack(0x0000009bc8d00000,0x0000009bc8e00000) (1024K)]
  0x00000267e5578de0 JavaThread "Framework Event Dispatcher: Equinox Container: 84057d36-c538-451c-aced-2d63d0307d02" daemon [_thread_blocked, id=29568, stack(0x0000009bc8e00000,0x0000009bc8f00000) (1024K)]
  0x00000267e5750370 JavaThread "Start Level: Equinox Container: 84057d36-c538-451c-aced-2d63d0307d02" daemon [_thread_blocked, id=20168, stack(0x0000009bc8f00000,0x0000009bc9000000) (1024K)]
  0x00000267ea31daf0 JavaThread "Bundle File Closer"         daemon [_thread_blocked, id=21216, stack(0x0000009bc9200000,0x0000009bc9300000) (1024K)]
  0x00000267e54cff40 JavaThread "SCR Component Actor"        daemon [_thread_blocked, id=29844, stack(0x0000009bc9300000,0x0000009bc9400000) (1024K)]
  0x00000267ea464330 JavaThread "Worker-JM"                         [_thread_blocked, id=3748, stack(0x0000009bc9400000,0x0000009bc9500000) (1024K)]
  0x00000267e438d1b0 JavaThread "JNA Cleaner"                daemon [_thread_blocked, id=1012, stack(0x0000009bc9500000,0x0000009bc9600000) (1024K)]
  0x00000267e53269a0 JavaThread "Worker-1"                          [_thread_blocked, id=18108, stack(0x0000009bc9700000,0x0000009bc9800000) (1024K)]
  0x00000267e5327030 JavaThread "Java indexing"              daemon [_thread_blocked, id=29940, stack(0x0000009bc9900000,0x0000009bc9a00000) (1024K)]
  0x00000267e5329100 JavaThread "Thread-1"                   daemon [_thread_in_native, id=38464, stack(0x0000009bc9e00000,0x0000009bc9f00000) (1024K)]
  0x00000267e53283e0 JavaThread "Thread-2"                   daemon [_thread_in_native, id=27916, stack(0x0000009bc9f00000,0x0000009bca000000) (1024K)]
  0x00000267ec800dc0 JavaThread "Thread-3"                   daemon [_thread_in_native, id=33888, stack(0x0000009bca000000,0x0000009bca100000) (1024K)]
  0x00000267ec7ffa10 JavaThread "Thread-4"                   daemon [_thread_in_native, id=28548, stack(0x0000009bca100000,0x0000009bca200000) (1024K)]
  0x00000267ec7fd940 JavaThread "Thread-5"                   daemon [_thread_in_native, id=28496, stack(0x0000009bca200000,0x0000009bca300000) (1024K)]
  0x00000267ec7ff380 JavaThread "Thread-6"                   daemon [_thread_in_native, id=21468, stack(0x0000009bca300000,0x0000009bca400000) (1024K)]
  0x00000267ec800730 JavaThread "Thread-7"                   daemon [_thread_in_native, id=36624, stack(0x0000009bca400000,0x0000009bca500000) (1024K)]
  0x00000267ec7fe660 JavaThread "Thread-8"                   daemon [_thread_in_native, id=8132, stack(0x0000009bca500000,0x0000009bca600000) (1024K)]
  0x00000267ec8000a0 JavaThread "Thread-9"                   daemon [_thread_in_native, id=9104, stack(0x0000009bca600000,0x0000009bca700000) (1024K)]
  0x00000267ec7fecf0 JavaThread "Thread-10"                  daemon [_thread_in_native, id=35600, stack(0x0000009bca700000,0x0000009bca800000) (1024K)]
  0x00000267ec801450 JavaThread "Thread-11"                  daemon [_thread_in_native, id=16120, stack(0x0000009bca800000,0x0000009bca900000) (1024K)]
  0x00000267ec7fdfd0 JavaThread "Thread-12"                  daemon [_thread_in_native, id=17272, stack(0x0000009bca900000,0x0000009bcaa00000) (1024K)]
  0x00000267ec801ae0 JavaThread "Thread-13"                  daemon [_thread_in_native, id=5196, stack(0x0000009bcaa00000,0x0000009bcab00000) (1024K)]
  0x00000267ec802800 JavaThread "pool-2-thread-1"                   [_thread_blocked, id=36976, stack(0x0000009bcab00000,0x0000009bcac00000) (1024K)]
  0x00000267ec804240 JavaThread "WorkspaceEventsHandler"            [_thread_blocked, id=20172, stack(0x0000009bcac00000,0x0000009bcad00000) (1024K)]
  0x00000267ec802e90 JavaThread "pool-1-thread-1"                   [_thread_blocked, id=14116, stack(0x0000009bcad00000,0x0000009bcae00000) (1024K)]
  0x00000267ecf43d70 JavaThread "Worker-6"                          [_thread_blocked, id=32000, stack(0x0000009bc7500000,0x0000009bc7600000) (1024K)]
Total: 38

Other Threads:
  0x00000267cc342c50 VMThread "VM Thread"                           [id=23476, stack(0x0000009bc7a00000,0x0000009bc7b00000) (1024K)]
  0x00000267cc428f30 WatcherThread "VM Periodic Task Thread"        [id=23484, stack(0x0000009bc7900000,0x0000009bc7a00000) (1024K)]
  0x00000267cc3dc0b0 WorkerThread "GC Thread#0"                     [id=28916, stack(0x0000009bc7800000,0x0000009bc7900000) (1024K)]
  0x00000267e512de90 WorkerThread "GC Thread#1"                     [id=8884, stack(0x0000009bc8500000,0x0000009bc8600000) (1024K)]
  0x00000267e50dce50 WorkerThread "GC Thread#2"                     [id=35100, stack(0x0000009bc8600000,0x0000009bc8700000) (1024K)]
  0x00000267e4419500 WorkerThread "GC Thread#3"                     [id=34488, stack(0x0000009bc8700000,0x0000009bc8800000) (1024K)]
  0x00000267e4419fe0 WorkerThread "GC Thread#4"                     [id=37260, stack(0x0000009bc8800000,0x0000009bc8900000) (1024K)]
  0x00000267e4419160 WorkerThread "GC Thread#5"                     [id=18948, stack(0x0000009bc8900000,0x0000009bc8a00000) (1024K)]
  0x00000267e441aac0 WorkerThread "GC Thread#6"                     [id=24836, stack(0x0000009bc8a00000,0x0000009bc8b00000) (1024K)]
  0x00000267e441a380 WorkerThread "GC Thread#7"                     [id=37024, stack(0x0000009bc8c00000,0x0000009bc8d00000) (1024K)]
  0x00000267ea263790 WorkerThread "GC Thread#8"                     [id=23744, stack(0x0000009bc9000000,0x0000009bc9100000) (1024K)]
  0x00000267ea263050 WorkerThread "GC Thread#9"                     [id=17624, stack(0x0000009bc9100000,0x0000009bc9200000) (1024K)]
Total: 12

Threads with active compile tasks:
Total: 0

VM state: not at safepoint (normal execution)

VM Mutex/Monitor currently owned by a thread: None

Heap address: 0x0000000080000000, size: 2048 MB, Compressed Oops mode: 32-bit

CDS archive(s) mapped at: [0x0000026780000000-0x0000026780ba0000-0x0000026780ba0000), size 12189696, SharedBaseAddress: 0x0000026780000000, ArchiveRelocationMode: 1.
Compressed class space mapped at: 0x0000026781000000-0x00000267c1000000, reserved size: 1073741824
Narrow klass base: 0x0000026780000000, Narrow klass shift: 0, Narrow klass range: 0x100000000

GC Precious Log:
 CardTable entry size: 512
 CPUs: 12 total, 12 available
 Memory: 7971M
 Large Page Support: Disabled
 NUMA Support: Disabled
 Compressed Oops: Enabled (32-bit)
 Alignments: Space 512K, Generation 512K, Heap 2M
 Heap Min Capacity: 100M
 Heap Initial Capacity: 100M
 Heap Max Capacity: 2G
 Pre-touch: Disabled
 Parallel Workers: 10

Heap:
 PSYoungGen      total 9216K, used 8162K [0x00000000d5580000, 0x00000000d5f80000, 0x0000000100000000)
  eden space 8192K, 92% used [0x00000000d5580000,0x00000000d5ce3680,0x00000000d5d80000)
  from space 1024K, 58% used [0x00000000d5e80000,0x00000000d5f15430,0x00000000d5f80000)
  to   space 1024K, 0% used [0x00000000d5d80000,0x00000000d5d80000,0x00000000d5e80000)
 ParOldGen       total 141312K, used 138415K [0x0000000080000000, 0x0000000088a00000, 0x00000000d5580000)
  object space 141312K, 97% used [0x0000000080000000,0x000000008872be40,0x0000000088a00000)
 Metaspace       used 63403K, committed 64960K, reserved 1114112K
  class space    used 6749K, committed 7424K, reserved 1048576K

Card table byte_map: [0x00000267cbd50000,0x00000267cc160000] _byte_map_base: 0x00000267cb950000

Marking Bits: (ParMarkBitMap*) 0x00007ffd489a2460
 Begin Bits: [0x00000267de860000, 0x00000267e0860000)
 End Bits:   [0x00000267e0860000, 0x00000267e2860000)

Polling page: 0x00000267ca1a0000

Metaspace:

Usage:
  Non-class:     55.33 MB used.
      Class:      6.59 MB used.
       Both:     61.92 MB used.

Virtual space:
  Non-class space:       64.00 MB reserved,      56.19 MB ( 88%) committed,  1 nodes.
      Class space:        1.00 GB reserved,       7.25 MB ( <1%) committed,  1 nodes.
             Both:        1.06 GB reserved,      63.44 MB (  6%) committed. 

Chunk freelists:
   Non-Class:  6.88 MB
       Class:  8.72 MB
        Both:  15.60 MB

MaxMetaspaceSize: unlimited
CompressedClassSpaceSize: 1.00 GB
Initial GC threshold: 21.00 MB
Current GC threshold: 97.31 MB
CDS: on
 - commit_granule_bytes: 65536.
 - commit_granule_words: 8192.
 - virtual_space_node_default_size: 8388608.
 - enlarge_chunks_in_place: 1.
 - use_allocation_guard: 0.


Internal statistics:

num_allocs_failed_limit: 9.
num_arena_births: 1228.
num_arena_deaths: 20.
num_vsnodes_births: 2.
num_vsnodes_deaths: 0.
num_space_committed: 1015.
num_space_uncommitted: 0.
num_chunks_returned_to_freelist: 31.
num_chunks_taken_from_freelist: 4303.
num_chunk_merges: 18.
num_chunk_splits: 2621.
num_chunks_enlarged: 1422.
num_inconsistent_stats: 0.

CodeHeap 'non-profiled nmethods': size=120000Kb used=5922Kb max_used=5922Kb free=114078Kb
 bounds [0x00000267d7080000, 0x00000267d7650000, 0x00000267de5b0000]
CodeHeap 'profiled nmethods': size=120000Kb used=23312Kb max_used=23312Kb free=96687Kb
 bounds [0x00000267cf5b0000, 0x00000267d0c80000, 0x00000267d6ae0000]
CodeHeap 'non-nmethods': size=5760Kb used=1439Kb max_used=1484Kb free=4320Kb
 bounds [0x00000267d6ae0000, 0x00000267d6d50000, 0x00000267d7080000]
CodeCache: size=245760Kb, used=30673Kb, max_used=30718Kb, free=215085Kb
 total_blobs=12074, nmethods=11337, adapters=642, full_count=0
Compilation: enabled, stopped_count=0, restarted_count=0

Compilation events (20 events):
Event: 1835.103 Thread 0x00000267e40e03d0 12013       3       com.sun.org.apache.xerces.internal.dom.NamedNodeMapImpl::getNamedItem (29 bytes)
Event: 1835.111 Thread 0x00000267e40e03d0 nmethod 12013 0x00000267d0c6e290 code [0x00000267d0c6e460, 0x00000267d0c6e868]
Event: 1835.203 Thread 0x00000267e40b1fb0 12014       4       com.sun.org.apache.xerces.internal.impl.XMLEntityScanner::checkEntityLimit (50 bytes)
Event: 1835.208 Thread 0x00000267e40b1fb0 nmethod 12014 0x00000267d7642910 code [0x00000267d7642aa0, 0x00000267d7642b78]
Event: 1835.210 Thread 0x00000267e40b1fb0 12015       4       java.net.URI$Parser::parse (243 bytes)
Event: 1835.211 Thread 0x00000267e40e03d0 12016       3       java.io.Writer::<init> (47 bytes)
Event: 1835.213 Thread 0x00000267e40e03d0 nmethod 12016 0x00000267d0c6e990 code [0x00000267d0c6eba0, 0x00000267d0c6f3a0]
Event: 1835.214 Thread 0x00000267e40e03d0 12017       1       org.eclipse.lsp4j.jsonrpc.json.JsonRpcMethod::getParameterTypes (5 bytes)
Event: 1835.217 Thread 0x00000267e40e03d0 nmethod 12017 0x00000267d7642c90 code [0x00000267d7642e20, 0x00000267d7642ee8]
Event: 1835.217 Thread 0x00000267e40e03d0 12018       3       org.eclipse.core.internal.events.ResourceDelta::getAffectedChildren (326 bytes)
Event: 1835.226 Thread 0x00000267e40e03d0 nmethod 12018 0x00000267d0c6f690 code [0x00000267d0c6f980, 0x00000267d0c70a30]
Event: 1835.227 Thread 0x00000267e40e03d0 12019       3       org.eclipse.core.internal.dtree.AbstractDataTreeNode::compareWith (364 bytes)
Event: 1835.234 Thread 0x00000267e40e03d0 nmethod 12019 0x00000267d0c71090 code [0x00000267d0c71400, 0x00000267d0c73490]
Event: 1835.235 Thread 0x00000267e40e03d0 12021       1       org.eclipse.core.internal.jobs.InternalJob::getListeners (5 bytes)
Event: 1835.237 Thread 0x00000267e40e03d0 nmethod 12021 0x00000267d7642f90 code [0x00000267d7643120, 0x00000267d76431e8]
Event: 1835.311 Thread 0x00000267e40b1fb0 nmethod 12015 0x00000267d7643290 code [0x00000267d7643740, 0x00000267d7646178]
Event: 1835.313 Thread 0x00000267e40b1fb0 12020       4       java.util.concurrent.locks.AbstractQueuedSynchronizer::acquireShared (20 bytes)
Event: 1835.330 Thread 0x00000267e40b1fb0 nmethod 12020 0x00000267d7648010 code [0x00000267d76481e0, 0x00000267d76484f8]
Event: 1961.916 Thread 0x00000267e40e03d0 12022       3       java.util.logging.Logger::isLoggable (27 bytes)
Event: 1961.936 Thread 0x00000267e40e03d0 nmethod 12022 0x00000267d0c73e10 code [0x00000267d0c73fc0, 0x00000267d0c74190]

GC Heap History (20 events):
Event: 22.453 GC heap before
{Heap before GC invocations=150 (full 3):
 PSYoungGen      total 9728K, used 9688K [0x00000000d5580000, 0x00000000d6480000, 0x0000000100000000)
  eden space 8704K, 99% used [0x00000000d5580000,0x00000000d5dfcf28,0x00000000d5e00000)
  from space 1024K, 97% used [0x00000000d6080000,0x00000000d6179228,0x00000000d6180000)
  to   space 2560K, 0% used [0x00000000d5e00000,0x00000000d5e00000,0x00000000d6080000)
 ParOldGen       total 94208K, used 71711K [0x0000000080000000, 0x0000000085c00000, 0x00000000d5580000)
  object space 94208K, 76% used [0x0000000080000000,0x0000000084607d38,0x0000000085c00000)
 Metaspace       used 59167K, committed 60608K, reserved 1114112K
  class space    used 6348K, committed 6912K, reserved 1048576K
}
Event: 22.456 GC heap after
{Heap after GC invocations=150 (full 3):
 PSYoungGen      total 9728K, used 631K [0x00000000d5580000, 0x00000000d6100000, 0x0000000100000000)
  eden space 8704K, 0% used [0x00000000d5580000,0x00000000d5580000,0x00000000d5e00000)
  from space 1024K, 61% used [0x00000000d5e00000,0x00000000d5e9de68,0x00000000d5f00000)
  to   space 1536K, 0% used [0x00000000d5f80000,0x00000000d5f80000,0x00000000d6100000)
 ParOldGen       total 94208K, used 72627K [0x0000000080000000, 0x0000000085c00000, 0x00000000d5580000)
  object space 94208K, 77% used [0x0000000080000000,0x00000000846ecdb8,0x0000000085c00000)
 Metaspace       used 59167K, committed 60608K, reserved 1114112K
  class space    used 6348K, committed 6912K, reserved 1048576K
}
Event: 22.547 GC heap before
{Heap before GC invocations=151 (full 3):
 PSYoungGen      total 9728K, used 9332K [0x00000000d5580000, 0x00000000d6100000, 0x0000000100000000)
  eden space 8704K, 99% used [0x00000000d5580000,0x00000000d5dff4d0,0x00000000d5e00000)
  from space 1024K, 61% used [0x00000000d5e00000,0x00000000d5e9de68,0x00000000d5f00000)
  to   space 1536K, 0% used [0x00000000d5f80000,0x00000000d5f80000,0x00000000d6100000)
 ParOldGen       total 94208K, used 72627K [0x0000000080000000, 0x0000000085c00000, 0x00000000d5580000)
  object space 94208K, 77% used [0x0000000080000000,0x00000000846ecdb8,0x0000000085c00000)
 Metaspace       used 59560K, committed 60928K, reserved 1114112K
  class space    used 6378K, committed 6912K, reserved 1048576K
}
Event: 22.549 GC heap after
{Heap after GC invocations=151 (full 3):
 PSYoungGen      total 9216K, used 480K [0x00000000d5580000, 0x00000000d6000000, 0x0000000100000000)
  eden space 8704K, 0% used [0x00000000d5580000,0x00000000d5580000,0x00000000d5e00000)
  from space 512K, 93% used [0x00000000d5f80000,0x00000000d5ff8010,0x00000000d6000000)
  to   space 1024K, 0% used [0x00000000d5e00000,0x00000000d5e00000,0x00000000d5f00000)
 ParOldGen       total 94208K, used 73108K [0x0000000080000000, 0x0000000085c00000, 0x00000000d5580000)
  object space 94208K, 77% used [0x0000000080000000,0x0000000084765190,0x0000000085c00000)
 Metaspace       used 59560K, committed 60928K, reserved 1114112K
  class space    used 6378K, committed 6912K, reserved 1048576K
}
Event: 22.976 GC heap before
{Heap before GC invocations=152 (full 3):
 PSYoungGen      total 9216K, used 9183K [0x00000000d5580000, 0x00000000d6000000, 0x0000000100000000)
  eden space 8704K, 99% used [0x00000000d5580000,0x00000000d5dffe78,0x00000000d5e00000)
  from space 512K, 93% used [0x00000000d5f80000,0x00000000d5ff8010,0x00000000d6000000)
  to   space 1024K, 0% used [0x00000000d5e00000,0x00000000d5e00000,0x00000000d5f00000)
 ParOldGen       total 94208K, used 73108K [0x0000000080000000, 0x0000000085c00000, 0x00000000d5580000)
  object space 94208K, 77% used [0x0000000080000000,0x0000000084765190,0x0000000085c00000)
 Metaspace       used 60304K, committed 61696K, reserved 1114112K
  class space    used 6450K, committed 7040K, reserved 1048576K
}
Event: 22.979 GC heap after
{Heap after GC invocations=152 (full 3):
 PSYoungGen      total 9728K, used 712K [0x00000000d5580000, 0x00000000d6000000, 0x0000000100000000)
  eden space 8704K, 0% used [0x00000000d5580000,0x00000000d5580000,0x00000000d5e00000)
  from space 1024K, 69% used [0x00000000d5e00000,0x00000000d5eb2010,0x00000000d5f00000)
  to   space 1024K, 0% used [0x00000000d5f00000,0x00000000d5f00000,0x00000000d6000000)
 ParOldGen       total 94208K, used 73363K [0x0000000080000000, 0x0000000085c00000, 0x00000000d5580000)
  object space 94208K, 77% used [0x0000000080000000,0x00000000847a4e20,0x0000000085c00000)
 Metaspace       used 60304K, committed 61696K, reserved 1114112K
  class space    used 6450K, committed 7040K, reserved 1048576K
}
Event: 23.134 GC heap before
{Heap before GC invocations=153 (full 3):
 PSYoungGen      total 9728K, used 9413K [0x00000000d5580000, 0x00000000d6000000, 0x0000000100000000)
  eden space 8704K, 99% used [0x00000000d5580000,0x00000000d5dff458,0x00000000d5e00000)
  from space 1024K, 69% used [0x00000000d5e00000,0x00000000d5eb2010,0x00000000d5f00000)
  to   space 1024K, 0% used [0x00000000d5f00000,0x00000000d5f00000,0x00000000d6000000)
 ParOldGen       total 94208K, used 73363K [0x0000000080000000, 0x0000000085c00000, 0x00000000d5580000)
  object space 94208K, 77% used [0x0000000080000000,0x00000000847a4e20,0x0000000085c00000)
 Metaspace       used 60495K, committed 61952K, reserved 1114112K
  class space    used 6464K, committed 7104K, reserved 1048576K
}
Event: 23.135 GC heap after
{Heap after GC invocations=153 (full 3):
 PSYoungGen      total 9728K, used 634K [0x00000000d5580000, 0x00000000d6000000, 0x0000000100000000)
  eden space 8704K, 0% used [0x00000000d5580000,0x00000000d5580000,0x00000000d5e00000)
  from space 1024K, 61% used [0x00000000d5f00000,0x00000000d5f9e900,0x00000000d6000000)
  to   space 1024K, 0% used [0x00000000d5e00000,0x00000000d5e00000,0x00000000d5f00000)
 ParOldGen       total 94208K, used 73644K [0x0000000080000000, 0x0000000085c00000, 0x00000000d5580000)
  object space 94208K, 78% used [0x0000000080000000,0x00000000847eb290,0x0000000085c00000)
 Metaspace       used 60495K, committed 61952K, reserved 1114112K
  class space    used 6464K, committed 7104K, reserved 1048576K
}
Event: 32.413 GC heap before
{Heap before GC invocations=154 (full 3):
 PSYoungGen      total 9728K, used 9338K [0x00000000d5580000, 0x00000000d6000000, 0x0000000100000000)
  eden space 8704K, 100% used [0x00000000d5580000,0x00000000d5e00000,0x00000000d5e00000)
  from space 1024K, 61% used [0x00000000d5f00000,0x00000000d5f9e900,0x00000000d6000000)
  to   space 1024K, 0% used [0x00000000d5e00000,0x00000000d5e00000,0x00000000d5f00000)
 ParOldGen       total 94208K, used 73644K [0x0000000080000000, 0x0000000085c00000, 0x00000000d5580000)
  object space 94208K, 78% used [0x0000000080000000,0x00000000847eb290,0x0000000085c00000)
 Metaspace       used 60717K, committed 62144K, reserved 1114112K
  class space    used 6468K, committed 7104K, reserved 1048576K
}
Event: 32.416 GC heap after
{Heap after GC invocations=154 (full 3):
 PSYoungGen      total 9728K, used 416K [0x00000000d5580000, 0x00000000d5f80000, 0x0000000100000000)
  eden space 8704K, 0% used [0x00000000d5580000,0x00000000d5580000,0x00000000d5e00000)
  from space 1024K, 40% used [0x00000000d5e00000,0x00000000d5e68000,0x00000000d5f00000)
  to   space 512K, 0% used [0x00000000d5f00000,0x00000000d5f00000,0x00000000d5f80000)
 ParOldGen       total 94208K, used 74081K [0x0000000080000000, 0x0000000085c00000, 0x00000000d5580000)
  object space 94208K, 78% used [0x0000000080000000,0x00000000848584a0,0x0000000085c00000)
 Metaspace       used 60717K, committed 62144K, reserved 1114112K
  class space    used 6468K, committed 7104K, reserved 1048576K
}
Event: 853.864 GC heap before
{Heap before GC invocations=155 (full 3):
 PSYoungGen      total 9728K, used 9120K [0x00000000d5580000, 0x00000000d5f80000, 0x0000000100000000)
  eden space 8704K, 100% used [0x00000000d5580000,0x00000000d5e00000,0x00000000d5e00000)
  from space 1024K, 40% used [0x00000000d5e00000,0x00000000d5e68000,0x00000000d5f00000)
  to   space 512K, 0% used [0x00000000d5f00000,0x00000000d5f00000,0x00000000d5f80000)
 ParOldGen       total 94208K, used 74081K [0x0000000080000000, 0x0000000085c00000, 0x00000000d5580000)
  object space 94208K, 78% used [0x0000000080000000,0x00000000848584a0,0x0000000085c00000)
 Metaspace       used 61463K, committed 62848K, reserved 1114112K
  class space    used 6539K, committed 7168K, reserved 1048576K
}
Event: 853.968 GC heap after
{Heap after GC invocations=155 (full 3):
 PSYoungGen      total 8704K, used 512K [0x00000000d5580000, 0x00000000d6100000, 0x0000000100000000)
  eden space 8192K, 0% used [0x00000000d5580000,0x00000000d5580000,0x00000000d5d80000)
  from space 512K, 100% used [0x00000000d5f00000,0x00000000d5f80000,0x00000000d5f80000)
  to   space 1536K, 0% used [0x00000000d5d80000,0x00000000d5d80000,0x00000000d5f00000)
 ParOldGen       total 94208K, used 74733K [0x0000000080000000, 0x0000000085c00000, 0x00000000d5580000)
  object space 94208K, 79% used [0x0000000080000000,0x00000000848fb4c0,0x0000000085c00000)
 Metaspace       used 61463K, committed 62848K, reserved 1114112K
  class space    used 6539K, committed 7168K, reserved 1048576K
}
Event: 855.362 GC heap before
{Heap before GC invocations=156 (full 3):
 PSYoungGen      total 8704K, used 8704K [0x00000000d5580000, 0x00000000d6100000, 0x0000000100000000)
  eden space 8192K, 100% used [0x00000000d5580000,0x00000000d5d80000,0x00000000d5d80000)
  from space 512K, 100% used [0x00000000d5f00000,0x00000000d5f80000,0x00000000d5f80000)
  to   space 1536K, 0% used [0x00000000d5d80000,0x00000000d5d80000,0x00000000d5f00000)
 ParOldGen       total 94208K, used 74733K [0x0000000080000000, 0x0000000085c00000, 0x00000000d5580000)
  object space 94208K, 79% used [0x0000000080000000,0x00000000848fb4c0,0x0000000085c00000)
 Metaspace       used 61952K, committed 63360K, reserved 1114112K
  class space    used 6606K, committed 7232K, reserved 1048576K
}
Event: 855.370 GC heap after
{Heap after GC invocations=156 (full 3):
 PSYoungGen      total 9728K, used 1104K [0x00000000d5580000, 0x00000000d6080000, 0x0000000100000000)
  eden space 8192K, 0% used [0x00000000d5580000,0x00000000d5580000,0x00000000d5d80000)
  from space 1536K, 71% used [0x00000000d5d80000,0x00000000d5e94010,0x00000000d5f00000)
  to   space 1536K, 0% used [0x00000000d5f00000,0x00000000d5f00000,0x00000000d6080000)
 ParOldGen       total 94208K, used 75241K [0x0000000080000000, 0x0000000085c00000, 0x00000000d5580000)
  object space 94208K, 79% used [0x0000000080000000,0x000000008497a698,0x0000000085c00000)
 Metaspace       used 61952K, committed 63360K, reserved 1114112K
  class space    used 6606K, committed 7232K, reserved 1048576K
}
Event: 855.624 GC heap before
{Heap before GC invocations=157 (full 3):
 PSYoungGen      total 9728K, used 9296K [0x00000000d5580000, 0x00000000d6080000, 0x0000000100000000)
  eden space 8192K, 100% used [0x00000000d5580000,0x00000000d5d80000,0x00000000d5d80000)
  from space 1536K, 71% used [0x00000000d5d80000,0x00000000d5e94010,0x00000000d5f00000)
  to   space 1536K, 0% used [0x00000000d5f00000,0x00000000d5f00000,0x00000000d6080000)
 ParOldGen       total 94208K, used 75241K [0x0000000080000000, 0x0000000085c00000, 0x00000000d5580000)
  object space 94208K, 79% used [0x0000000080000000,0x000000008497a698,0x0000000085c00000)
 Metaspace       used 62190K, committed 63680K, reserved 1114112K
  class space    used 6639K, committed 7296K, reserved 1048576K
}
Event: 855.632 GC heap after
{Heap after GC invocations=157 (full 3):
 PSYoungGen      total 9728K, used 1248K [0x00000000d5580000, 0x00000000d6080000, 0x0000000100000000)
  eden space 8192K, 0% used [0x00000000d5580000,0x00000000d5580000,0x00000000d5d80000)
  from space 1536K, 81% used [0x00000000d5f00000,0x00000000d6038000,0x00000000d6080000)
  to   space 1536K, 0% used [0x00000000d5d80000,0x00000000d5d80000,0x00000000d5f00000)
 ParOldGen       total 94208K, used 75985K [0x0000000080000000, 0x0000000085c00000, 0x00000000d5580000)
  object space 94208K, 80% used [0x0000000080000000,0x0000000084a346b8,0x0000000085c00000)
 Metaspace       used 62190K, committed 63680K, reserved 1114112K
  class space    used 6639K, committed 7296K, reserved 1048576K
}
Event: 856.072 GC heap before
{Heap before GC invocations=158 (full 3):
 PSYoungGen      total 9728K, used 9440K [0x00000000d5580000, 0x00000000d6080000, 0x0000000100000000)
  eden space 8192K, 100% used [0x00000000d5580000,0x00000000d5d80000,0x00000000d5d80000)
  from space 1536K, 81% used [0x00000000d5f00000,0x00000000d6038000,0x00000000d6080000)
  to   space 1536K, 0% used [0x00000000d5d80000,0x00000000d5d80000,0x00000000d5f00000)
 ParOldGen       total 94208K, used 75985K [0x0000000080000000, 0x0000000085c00000, 0x00000000d5580000)
  object space 94208K, 80% used [0x0000000080000000,0x0000000084a346b8,0x0000000085c00000)
 Metaspace       used 62533K, committed 64064K, reserved 1114112K
  class space    used 6687K, committed 7360K, reserved 1048576K
}
Event: 856.076 GC heap after
{Heap after GC invocations=158 (full 3):
 PSYoungGen      total 9216K, used 576K [0x00000000d5580000, 0x00000000d5f80000, 0x0000000100000000)
  eden space 8192K, 0% used [0x00000000d5580000,0x00000000d5580000,0x00000000d5d80000)
  from space 1024K, 56% used [0x00000000d5d80000,0x00000000d5e10000,0x00000000d5e80000)
  to   space 1024K, 0% used [0x00000000d5e80000,0x00000000d5e80000,0x00000000d5f80000)
 ParOldGen       total 94208K, used 76593K [0x0000000080000000, 0x0000000085c00000, 0x00000000d5580000)
  object space 94208K, 81% used [0x0000000080000000,0x0000000084acc6b8,0x0000000085c00000)
 Metaspace       used 62533K, committed 64064K, reserved 1114112K
  class space    used 6687K, committed 7360K, reserved 1048576K
}
Event: 1157.237 GC heap before
{Heap before GC invocations=159 (full 3):
 PSYoungGen      total 9216K, used 8768K [0x00000000d5580000, 0x00000000d5f80000, 0x0000000100000000)
  eden space 8192K, 100% used [0x00000000d5580000,0x00000000d5d80000,0x00000000d5d80000)
  from space 1024K, 56% used [0x00000000d5d80000,0x00000000d5e10000,0x00000000d5e80000)
  to   space 1024K, 0% used [0x00000000d5e80000,0x00000000d5e80000,0x00000000d5f80000)
 ParOldGen       total 117760K, used 107313K [0x0000000080000000, 0x0000000087300000, 0x00000000d5580000)
  object space 117760K, 91% used [0x0000000080000000,0x00000000868cc6e8,0x0000000087300000)
 Metaspace       used 63240K, committed 64768K, reserved 1114112K
  class space    used 6745K, committed 7424K, reserved 1048576K
}
Event: 1157.321 GC heap after
{Heap after GC invocations=159 (full 3):
 PSYoungGen      total 9216K, used 597K [0x00000000d5580000, 0x00000000d5f80000, 0x0000000100000000)
  eden space 8192K, 0% used [0x00000000d5580000,0x00000000d5580000,0x00000000d5d80000)
  from space 1024K, 58% used [0x00000000d5e80000,0x00000000d5f15430,0x00000000d5f80000)
  to   space 1024K, 0% used [0x00000000d5d80000,0x00000000d5d80000,0x00000000d5e80000)
 ParOldGen       total 117760K, used 107695K [0x0000000080000000, 0x0000000087300000, 0x00000000d5580000)
  object space 117760K, 91% used [0x0000000080000000,0x000000008692be10,0x0000000087300000)
 Metaspace       used 63240K, committed 64768K, reserved 1114112K
  class space    used 6745K, committed 7424K, reserved 1048576K
}

Dll operation events (10 events):
Event: 0.032 Loaded shared library c:\Users\dormi\.antigravity\extensions\redhat.java-1.51.0-win32-x64\jre\21.0.9-win32-x86_64\bin\java.dll
Event: 0.246 Loaded shared library c:\Users\dormi\.antigravity\extensions\redhat.java-1.51.0-win32-x64\jre\21.0.9-win32-x86_64\bin\zip.dll
Event: 0.289 Loaded shared library C:\Users\dormi\.antigravity\extensions\redhat.java-1.51.0-win32-x64\jre\21.0.9-win32-x86_64\bin\instrument.dll
Event: 0.299 Loaded shared library C:\Users\dormi\.antigravity\extensions\redhat.java-1.51.0-win32-x64\jre\21.0.9-win32-x86_64\bin\net.dll
Event: 0.313 Loaded shared library C:\Users\dormi\.antigravity\extensions\redhat.java-1.51.0-win32-x64\jre\21.0.9-win32-x86_64\bin\nio.dll
Event: 0.318 Loaded shared library C:\Users\dormi\.antigravity\extensions\redhat.java-1.51.0-win32-x64\jre\21.0.9-win32-x86_64\bin\zip.dll
Event: 0.364 Loaded shared library C:\Users\dormi\.antigravity\extensions\redhat.java-1.51.0-win32-x64\jre\21.0.9-win32-x86_64\bin\jimage.dll
Event: 0.510 Loaded shared library c:\Users\dormi\.antigravity\extensions\redhat.java-1.51.0-win32-x64\jre\21.0.9-win32-x86_64\bin\verify.dll
Event: 2.793 Loaded shared library C:\Users\dormi\AppData\Roaming\Antigravity\User\globalStorage\redhat.java\1.51.0\config_win\org.eclipse.equinox.launcher\org.eclipse.equinox.launcher.win32.win32.x86_64_1.2.1400.v20250801-0854\eclipse_11916.dll
Event: 6.989 Loaded shared library C:\Users\dormi\AppData\Local\Temp\jna--132844754\jna2577331033609333455.dll

Deoptimization events (20 events):
Event: 1156.586 Thread 0x00000267ecf43d70 Uncommon trap: trap_request=0xffffffde fr.pc=0x00000267d7606ec4 relative=0x0000000000000b04
Event: 1156.586 Thread 0x00000267ecf43d70 Uncommon trap: reason=class_check action=maybe_recompile pc=0x00000267d7606ec4 method=java.io.DataOutputStream.write([BII)V @ 7 c2
Event: 1156.586 Thread 0x00000267ecf43d70 DEOPT PACKING pc=0x00000267d7606ec4 sp=0x0000009bc75feaa0
Event: 1156.586 Thread 0x00000267ecf43d70 DEOPT UNPACKING pc=0x00000267d6b36da2 sp=0x0000009bc75fe9d0 mode 2
Event: 1156.587 Thread 0x00000267ecf43d70 Uncommon trap: trap_request=0xffffffde fr.pc=0x00000267d7576cf4 relative=0x00000000000003b4
Event: 1156.587 Thread 0x00000267ecf43d70 Uncommon trap: reason=class_check action=maybe_recompile pc=0x00000267d7576cf4 method=java.io.DataOutputStream.writeInt(I)V @ 19 c2
Event: 1156.587 Thread 0x00000267ecf43d70 DEOPT PACKING pc=0x00000267d7576cf4 sp=0x0000009bc75fe800
Event: 1156.587 Thread 0x00000267ecf43d70 DEOPT UNPACKING pc=0x00000267d6b36da2 sp=0x0000009bc75fe7a8 mode 2
Event: 1156.587 Thread 0x00000267ecf43d70 Uncommon trap: trap_request=0xffffffde fr.pc=0x00000267d75723d0 relative=0x0000000000000cf0
Event: 1156.587 Thread 0x00000267ecf43d70 Uncommon trap: reason=class_check action=maybe_recompile pc=0x00000267d75723d0 method=java.io.DataOutputStream.write([BII)V @ 7 c2
Event: 1156.587 Thread 0x00000267ecf43d70 DEOPT PACKING pc=0x00000267d75723d0 sp=0x0000009bc75fe710
Event: 1156.587 Thread 0x00000267ecf43d70 DEOPT UNPACKING pc=0x00000267d6b36da2 sp=0x0000009bc75fe630 mode 2
Event: 1533.943 Thread 0x00000267ecf43d70 Uncommon trap: trap_request=0xffffffde fr.pc=0x00000267d7520198 relative=0x0000000000000078
Event: 1533.943 Thread 0x00000267ecf43d70 Uncommon trap: reason=class_check action=maybe_recompile pc=0x00000267d7520198 method=java.util.Collections$UnmodifiableMap$UnmodifiableEntrySet$1.hasNext()Z @ 4 c2
Event: 1533.944 Thread 0x00000267ecf43d70 DEOPT PACKING pc=0x00000267d7520198 sp=0x0000009bc75fe650
Event: 1533.945 Thread 0x00000267ecf43d70 DEOPT UNPACKING pc=0x00000267d6b36da2 sp=0x0000009bc75fe5d8 mode 2
Event: 1833.731 Thread 0x00000267e53269a0 Uncommon trap: trap_request=0xffffff45 fr.pc=0x00000267d7614948 relative=0x0000000000000188
Event: 1833.732 Thread 0x00000267e53269a0 Uncommon trap: reason=unstable_if action=reinterpret pc=0x00000267d7614948 method=java.io.ObjectOutputStream$HandleTable.lookup(Ljava/lang/Object;)I @ 4 c2
Event: 1833.732 Thread 0x00000267e53269a0 DEOPT PACKING pc=0x00000267d7614948 sp=0x0000009bc97fee10
Event: 1833.734 Thread 0x00000267e53269a0 DEOPT UNPACKING pc=0x00000267d6b36da2 sp=0x0000009bc97feda0 mode 2

Classes loaded (20 events):
Event: 856.466 Loading class java/nio/BufferMismatch
Event: 856.467 Loading class java/nio/BufferMismatch done
Event: 856.468 Loading class java/nio/file/attribute/PosixFileAttributes
Event: 856.469 Loading class java/nio/file/attribute/PosixFileAttributes done
Event: 1154.838 Loading class java/util/stream/Nodes$CollectorTask$OfRef
Event: 1154.866 Loading class java/util/stream/Nodes$CollectorTask
Event: 1154.900 Loading class java/util/stream/Nodes$CollectorTask done
Event: 1154.901 Loading class java/util/stream/Nodes$CollectorTask$OfRef done
Event: 1155.414 Loading class java/util/function/LongFunction
Event: 1155.420 Loading class java/util/function/LongFunction done
Event: 1155.434 Loading class java/util/stream/Nodes$ConcNode
Event: 1155.445 Loading class java/util/stream/Nodes$AbstractConcNode
Event: 1155.458 Loading class java/util/stream/Nodes$AbstractConcNode done
Event: 1155.458 Loading class java/util/stream/Nodes$ConcNode done
Event: 1156.246 Loading class java/io/ObjectOutputStream$BlockDataOutputStream
Event: 1156.270 Loading class java/io/ObjectOutputStream$BlockDataOutputStream done
Event: 1156.271 Loading class java/io/ObjectOutputStream$HandleTable
Event: 1156.280 Loading class java/io/ObjectOutputStream$HandleTable done
Event: 1156.281 Loading class java/io/ObjectOutputStream$ReplaceTable
Event: 1156.286 Loading class java/io/ObjectOutputStream$ReplaceTable done

Classes unloaded (10 events):
Event: 7.967 Thread 0x00000267cc342c50 Unloading class 0x00000267811acc00 'java/lang/invoke/LambdaForm$MH+0x00000267811acc00'
Event: 7.967 Thread 0x00000267cc342c50 Unloading class 0x00000267811ac800 'java/lang/invoke/LambdaForm$MH+0x00000267811ac800'
Event: 7.967 Thread 0x00000267cc342c50 Unloading class 0x00000267811ac400 'java/lang/invoke/LambdaForm$MH+0x00000267811ac400'
Event: 7.967 Thread 0x00000267cc342c50 Unloading class 0x00000267811ac000 'java/lang/invoke/LambdaForm$MH+0x00000267811ac000'
Event: 7.967 Thread 0x00000267cc342c50 Unloading class 0x00000267811abc00 'java/lang/invoke/LambdaForm$BMH+0x00000267811abc00'
Event: 7.967 Thread 0x00000267cc342c50 Unloading class 0x00000267811ab800 'java/lang/invoke/LambdaForm$DMH+0x00000267811ab800'
Event: 7.967 Thread 0x00000267cc342c50 Unloading class 0x00000267811aa400 'java/lang/invoke/LambdaForm$DMH+0x00000267811aa400'
Event: 22.145 Thread 0x00000267cc342c50 Unloading class 0x0000026781699c00 'java/lang/invoke/LambdaForm$DMH+0x0000026781699c00'
Event: 22.145 Thread 0x00000267cc342c50 Unloading class 0x00000267816a0000 'java/lang/invoke/LambdaForm$DMH+0x00000267816a0000'
Event: 22.145 Thread 0x00000267cc342c50 Unloading class 0x0000026781699800 'java/lang/invoke/LambdaForm$DMH+0x0000026781699800'

Classes redefined (0 events):
No events

Internal exceptions (20 events):
Event: 22.733 Thread 0x00000267e53269a0 Exception <a 'java/io/FileNotFoundException'{0x00000000d581e330}> (0x00000000d581e330) 
thrown [s\src\hotspot\share\prims\jni.cpp, line 520]
Event: 22.733 Thread 0x00000267e53269a0 Exception <a 'java/io/FileNotFoundException'{0x00000000d581f0e8}> (0x00000000d581f0e8) 
thrown [s\src\hotspot\share\prims\jni.cpp, line 520]
Event: 851.304 Thread 0x00000267ec804240 Exception <a 'sun/nio/fs/WindowsException'{0x00000000d59ad5a8}> (0x00000000d59ad5a8) 
thrown [s\src\hotspot\share\prims\jni.cpp, line 520]
Event: 851.311 Thread 0x00000267ec804240 Exception <a 'sun/nio/fs/WindowsException'{0x00000000d59ae0f8}> (0x00000000d59ae0f8) 
thrown [s\src\hotspot\share\prims\jni.cpp, line 520]
Event: 851.816 Thread 0x00000267ec804240 Exception <a 'java/lang/NoSuchMethodError'{0x00000000d59e8a18}: 'java.lang.Object java.lang.invoke.DirectMethodHandle$Holder.invokeStatic(java.lang.Object, java.lang.Object, int, java.lang.Object)'> (0x00000000d59e8a18) 
thrown [s\src\hotspot\share\interpreter\linkResolver.cpp, line 773]
Event: 851.867 Thread 0x00000267ec804240 Exception <a 'java/lang/NoSuchMethodError'{0x00000000d59f0340}: 'java.lang.Object java.lang.invoke.DirectMethodHandle$Holder.newInvokeSpecial(java.lang.Object, java.lang.Object, int)'> (0x00000000d59f0340) 
thrown [s\src\hotspot\share\interpreter\linkResolver.cpp, line 773]
Event: 854.515 Thread 0x00000267e53269a0 Exception <a 'java/lang/NoSuchMethodError'{0x00000000d57aac20}: 'java.lang.Object java.lang.invoke.DirectMethodHandle$Holder.newInvokeSpecial(java.lang.Object, java.lang.Object, int, java.lang.Object, java.lang.Object)'> (0x00000000d57aac20) 
thrown [s\src\hotspot\share\interpreter\linkResolver.cpp, line 773]
Event: 854.627 Thread 0x00000267e53269a0 Exception <a 'java/lang/NoSuchMethodError'{0x00000000d57ca930}: 'java.lang.Object java.lang.invoke.DirectMethodHandle$Holder.invokeSpecial(java.lang.Object, java.lang.Object, java.lang.Object, int, java.lang.Object, java.lang.Object, java.lang.Object)'> (0x00000000d57ca930) 
thrown [s\src\hotspot\share\interpreter\linkResolver.cpp, line 773]
Event: 854.645 Thread 0x00000267e53269a0 Exception <a 'java/lang/NoSuchMethodError'{0x00000000d57d2bc0}: 'java.lang.Object java.lang.invoke.DirectMethodHandle$Holder.invokeStatic(java.lang.Object, java.lang.Object, int, java.lang.Object, java.lang.Object)'> (0x00000000d57d2bc0) 
thrown [s\src\hotspot\share\interpreter\linkResolver.cpp, line 773]
Event: 854.967 Thread 0x00000267e53269a0 Exception <a 'java/lang/NoSuchMethodError'{0x00000000d5855000}: 'void java.lang.invoke.DirectMethodHandle$Holder.invokeStatic(java.lang.Object, int)'> (0x00000000d5855000) 
thrown [s\src\hotspot\share\interpreter\linkResolver.cpp, line 773]
Event: 855.435 Thread 0x00000267e53269a0 Exception <a 'java/io/FileNotFoundException'{0x00000000d5777cc8}> (0x00000000d5777cc8) 
thrown [s\src\hotspot\share\prims\jni.cpp, line 520]
Event: 855.437 Thread 0x00000267e53269a0 Exception <a 'java/io/FileNotFoundException'{0x00000000d5778fd0}> (0x00000000d5778fd0) 
thrown [s\src\hotspot\share\prims\jni.cpp, line 520]
Event: 855.438 Thread 0x00000267e53269a0 Exception <a 'java/io/FileNotFoundException'{0x00000000d577a010}> (0x00000000d577a010) 
thrown [s\src\hotspot\share\prims\jni.cpp, line 520]
Event: 1156.128 Thread 0x00000267ecf43d70 Exception <a 'sun/nio/fs/WindowsException'{0x00000000d5baae28}> (0x00000000d5baae28) 
thrown [s\src\hotspot\share\prims\jni.cpp, line 520]
Event: 1156.133 Thread 0x00000267ecf43d70 Exception <a 'sun/nio/fs/WindowsException'{0x00000000d5bab728}> (0x00000000d5bab728) 
thrown [s\src\hotspot\share\prims\jni.cpp, line 520]
Event: 1156.168 Thread 0x00000267ecf43d70 Implicit null exception at 0x00000267d7563886 to 0x00000267d7563c0c
Event: 1156.524 Thread 0x00000267ecf43d70 Exception <a 'java/lang/NoSuchMethodError'{0x00000000d5c461f0}: static [J.<clinit>()V> (0x00000000d5c461f0) 
thrown [s\src\hotspot\share\prims\jni.cpp, line 1111]
Event: 1156.608 Thread 0x00000267ecf43d70 Exception <a 'java/lang/NoSuchMethodError'{0x00000000d5c73b70}: 'java.lang.Object java.lang.invoke.DirectMethodHandle$Holder.newInvokeSpecial(java.lang.Object, java.lang.Object, java.lang.Object, java.lang.Object, java.lang.Object, java.lang.Object, java.lang.Object, java.lang.Object)'> (0x00000000d5c73b70) 
thrown [s\src\hotspot\share\interpreter\linkResolver.cpp, line 773]
Event: 1833.688 Thread 0x00000267e53269a0 Exception <a 'sun/nio/fs/WindowsException'{0x00000000d5b50560}> (0x00000000d5b50560) 
thrown [s\src\hotspot\share\prims\jni.cpp, line 520]
Event: 1833.693 Thread 0x00000267e53269a0 Exception <a 'sun/nio/fs/WindowsException'{0x00000000d5b50e40}> (0x00000000d5b50e40) 
thrown [s\src\hotspot\share\prims\jni.cpp, line 520]

ZGC Phase Switch (0 events):
No events

VM Operations (20 events):
Event: 1503.407 Executing VM operation: RendezvousGCThreads
Event: 1503.408 Executing VM operation: RendezvousGCThreads done
Event: 1532.689 Executing VM operation: Cleanup
Event: 1532.693 Executing VM operation: Cleanup done
Event: 1533.700 Executing VM operation: Cleanup
Event: 1533.701 Executing VM operation: Cleanup done
Event: 1534.708 Executing VM operation: Cleanup
Event: 1534.708 Executing VM operation: Cleanup done
Event: 1563.648 Executing VM operation: HandshakeAllThreads (HandshakeForDeflation)
Event: 1563.648 Executing VM operation: HandshakeAllThreads (HandshakeForDeflation) done
Event: 1563.649 Executing VM operation: RendezvousGCThreads
Event: 1563.649 Executing VM operation: RendezvousGCThreads done
Event: 1834.411 Executing VM operation: Cleanup
Event: 1834.415 Executing VM operation: Cleanup done
Event: 1835.422 Executing VM operation: Cleanup
Event: 1835.423 Executing VM operation: Cleanup done
Event: 1864.132 Executing VM operation: HandshakeAllThreads (HandshakeForDeflation)
Event: 1864.140 Executing VM operation: HandshakeAllThreads (HandshakeForDeflation) done
Event: 1864.140 Executing VM operation: RendezvousGCThreads
Event: 1864.141 Executing VM operation: RendezvousGCThreads done

Memory protections (0 events):
No events

Nmethod flushes (20 events):
Event: 22.171 Thread 0x00000267cc342c50 flushing  nmethod 0x00000267cfdbef90
Event: 22.171 Thread 0x00000267cc342c50 flushing  nmethod 0x00000267cfdc1890
Event: 22.171 Thread 0x00000267cc342c50 flushing  nmethod 0x00000267cfdefb90
Event: 22.171 Thread 0x00000267cc342c50 flushing osr nmethod 0x00000267cfe48090
Event: 22.171 Thread 0x00000267cc342c50 flushing  nmethod 0x00000267cfe51f90
Event: 22.171 Thread 0x00000267cc342c50 flushing osr nmethod 0x00000267cfe65490
Event: 22.171 Thread 0x00000267cc342c50 flushing  nmethod 0x00000267cfe89210
Event: 22.171 Thread 0x00000267cc342c50 flushing  nmethod 0x00000267cfeae510
Event: 22.171 Thread 0x00000267cc342c50 flushing  nmethod 0x00000267cfeaea90
Event: 22.171 Thread 0x00000267cc342c50 flushing  nmethod 0x00000267cfeaf010
Event: 22.171 Thread 0x00000267cc342c50 flushing  nmethod 0x00000267cfeaf490
Event: 22.171 Thread 0x00000267cc342c50 flushing  nmethod 0x00000267cfeaf810
Event: 22.171 Thread 0x00000267cc342c50 flushing  nmethod 0x00000267cfeb0b90
Event: 22.171 Thread 0x00000267cc342c50 flushing  nmethod 0x00000267cfeb1490
Event: 22.171 Thread 0x00000267cc342c50 flushing  nmethod 0x00000267cfeb2810
Event: 22.171 Thread 0x00000267cc342c50 flushing  nmethod 0x00000267cff0d990
Event: 22.171 Thread 0x00000267cc342c50 flushing  nmethod 0x00000267cff0e510
Event: 22.171 Thread 0x00000267cc342c50 flushing  nmethod 0x00000267cff0ef90
Event: 22.171 Thread 0x00000267cc342c50 flushing  nmethod 0x00000267cff0fb90
Event: 22.171 Thread 0x00000267cc342c50 flushing  nmethod 0x00000267cff10690

Events (20 events):
Event: 855.596 Thread 0x00000267e53269a0 Thread added: 0x00000267ecf41ca0
Event: 855.599 Thread 0x00000267e53269a0 Thread added: 0x00000267ecf457b0
Event: 855.600 Thread 0x00000267e53269a0 Thread added: 0x00000267ecf42330
Event: 855.600 Thread 0x00000267e53269a0 Thread added: 0x00000267ecf45e40
Event: 855.658 Thread 0x00000267ecf42330 Thread exited: 0x00000267ecf42330
Event: 855.658 Thread 0x00000267ecf45e40 Thread exited: 0x00000267ecf45e40
Event: 855.659 Thread 0x00000267ecf41ca0 Thread exited: 0x00000267ecf41ca0
Event: 855.659 Thread 0x00000267ecf457b0 Thread exited: 0x00000267ecf457b0
Event: 855.659 Thread 0x00000267ecf44400 Thread exited: 0x00000267ecf44400
Event: 914.490 Thread 0x00000267e5328a70 Thread exited: 0x00000267e5328a70
Event: 1154.752 Thread 0x00000267ecf43d70 Thread added: 0x00000267ecf42330
Event: 1155.474 Thread 0x00000267ecf42330 Thread exited: 0x00000267ecf42330
Event: 1156.197 Thread 0x00000267ecf43d70 Thread added: 0x00000267ecf42330
Event: 1156.215 Thread 0x00000267ecf42330 Thread exited: 0x00000267ecf42330
Event: 1534.536 Thread 0x00000267e40e03d0 Thread added: 0x00000267ea573520
Event: 1539.692 Thread 0x00000267ea573520 Thread exited: 0x00000267ea573520
Event: 1833.591 Thread 0x00000267e53269a0 Thread added: 0x00000267ecf42330
Event: 1833.610 Thread 0x00000267ecf42330 Thread exited: 0x00000267ecf42330
Event: 1833.709 Thread 0x00000267e53269a0 Thread added: 0x00000267ecf42330
Event: 1833.712 Thread 0x00000267ecf42330 Thread exited: 0x00000267ecf42330


Dynamic libraries:
0x00007ff6d4880000 - 0x00007ff6d488e000 	c:\Users\dormi\.antigravity\extensions\redhat.java-1.51.0-win32-x64\jre\21.0.9-win32-x86_64\bin\java.exe
0x00007ffe2d9a0000 - 0x00007ffe2dc07000 	C:\WINDOWS\SYSTEM32\ntdll.dll
0x00007ffe2cb90000 - 0x00007ffe2cc59000 	C:\WINDOWS\System32\KERNEL32.DLL
0x00007ffe2aaf0000 - 0x00007ffe2aedf000 	C:\WINDOWS\System32\KERNELBASE.dll
0x00007ffe277a0000 - 0x00007ffe2783f000 	C:\WINDOWS\SYSTEM32\apphelp.dll
0x00007ffe2b140000 - 0x00007ffe2b28b000 	C:\WINDOWS\System32\ucrtbase.dll
0x00007ffdff120000 - 0x00007ffdff138000 	c:\Users\dormi\.antigravity\extensions\redhat.java-1.51.0-win32-x64\jre\21.0.9-win32-x86_64\bin\jli.dll
0x00007ffe2cfc0000 - 0x00007ffe2d185000 	C:\WINDOWS\System32\USER32.dll
0x00007ffe2b060000 - 0x00007ffe2b087000 	C:\WINDOWS\System32\win32u.dll
0x00007ffe2c210000 - 0x00007ffe2c23b000 	C:\WINDOWS\System32\GDI32.dll
0x00007ffe2b550000 - 0x00007ffe2b67c000 	C:\WINDOWS\System32\gdi32full.dll
0x00007ffe2b090000 - 0x00007ffe2b133000 	C:\WINDOWS\System32\msvcp_win.dll
0x00007ffdf7b40000 - 0x00007ffdf7b5e000 	c:\Users\dormi\.antigravity\extensions\redhat.java-1.51.0-win32-x64\jre\21.0.9-win32-x86_64\bin\VCRUNTIME140.dll
0x00007ffe12230000 - 0x00007ffe124c3000 	C:\WINDOWS\WinSxS\amd64_microsoft.windows.common-controls_6595b64144ccf1df_6.0.26100.7309_none_3e05feeae336a044\COMCTL32.dll
0x00007ffe2b750000 - 0x00007ffe2b7f9000 	C:\WINDOWS\System32\msvcrt.dll
0x00007ffe2c9f0000 - 0x00007ffe2ca21000 	C:\WINDOWS\System32\IMM32.DLL
0x00007ffe1f620000 - 0x00007ffe1f62c000 	c:\Users\dormi\.antigravity\extensions\redhat.java-1.51.0-win32-x64\jre\21.0.9-win32-x86_64\bin\vcruntime140_1.dll
0x00007ffd704e0000 - 0x00007ffd7056d000 	c:\Users\dormi\.antigravity\extensions\redhat.java-1.51.0-win32-x64\jre\21.0.9-win32-x86_64\bin\msvcp140.dll
0x00007ffd47ce0000 - 0x00007ffd48a80000 	c:\Users\dormi\.antigravity\extensions\redhat.java-1.51.0-win32-x64\jre\21.0.9-win32-x86_64\bin\server\jvm.dll
0x00007ffe2d210000 - 0x00007ffe2d2c4000 	C:\WINDOWS\System32\ADVAPI32.dll
0x00007ffe2d760000 - 0x00007ffe2d806000 	C:\WINDOWS\System32\sechost.dll
0x00007ffe2bfb0000 - 0x00007ffe2c0c8000 	C:\WINDOWS\System32\RPCRT4.dll
0x00007ffe2ccd0000 - 0x00007ffe2cd44000 	C:\WINDOWS\System32\WS2_32.dll
0x00007ffe2a950000 - 0x00007ffe2a9ae000 	C:\WINDOWS\SYSTEM32\POWRPROF.dll
0x00007ffe1f1d0000 - 0x00007ffe1f205000 	C:\WINDOWS\SYSTEM32\WINMM.dll
0x00007ffe20590000 - 0x00007ffe2059b000 	C:\WINDOWS\SYSTEM32\VERSION.dll
0x00007ffe2a930000 - 0x00007ffe2a944000 	C:\WINDOWS\SYSTEM32\UMPDC.dll
0x00007ffe29880000 - 0x00007ffe2989b000 	C:\WINDOWS\SYSTEM32\kernel.appcore.dll
0x00007ffe19c30000 - 0x00007ffe19c3a000 	c:\Users\dormi\.antigravity\extensions\redhat.java-1.51.0-win32-x64\jre\21.0.9-win32-x86_64\bin\jimage.dll
0x00007ffe281b0000 - 0x00007ffe283f2000 	C:\WINDOWS\SYSTEM32\DBGHELP.DLL
0x00007ffe2c250000 - 0x00007ffe2c5d5000 	C:\WINDOWS\System32\combase.dll
0x00007ffe2c0d0000 - 0x00007ffe2c1a6000 	C:\WINDOWS\System32\OLEAUT32.dll
0x00007ffe0d2f0000 - 0x00007ffe0d32c000 	C:\WINDOWS\SYSTEM32\dbgcore.DLL
0x00007ffe2b320000 - 0x00007ffe2b3c5000 	C:\WINDOWS\System32\bcryptPrimitives.dll
0x00007ffe19280000 - 0x00007ffe1928f000 	c:\Users\dormi\.antigravity\extensions\redhat.java-1.51.0-win32-x64\jre\21.0.9-win32-x86_64\bin\instrument.dll
0x00007ffdd3cd0000 - 0x00007ffdd3cf0000 	c:\Users\dormi\.antigravity\extensions\redhat.java-1.51.0-win32-x64\jre\21.0.9-win32-x86_64\bin\java.dll
0x00007ffe2b800000 - 0x00007ffe2bf53000 	C:\WINDOWS\System32\SHELL32.dll
0x00007ffe2aef0000 - 0x00007ffe2b05a000 	C:\WINDOWS\System32\wintypes.dll
0x00007ffe286d0000 - 0x00007ffe28f2e000 	C:\WINDOWS\SYSTEM32\windows.storage.dll
0x00007ffe2cd50000 - 0x00007ffe2ce45000 	C:\WINDOWS\System32\SHCORE.dll
0x00007ffe2cc60000 - 0x00007ffe2ccc6000 	C:\WINDOWS\System32\shlwapi.dll
0x00007ffe2aa10000 - 0x00007ffe2aa39000 	C:\WINDOWS\SYSTEM32\profapi.dll
0x00007ffde9480000 - 0x00007ffde9498000 	c:\Users\dormi\.antigravity\extensions\redhat.java-1.51.0-win32-x64\jre\21.0.9-win32-x86_64\bin\zip.dll
0x00007ffe197c0000 - 0x00007ffe197d0000 	C:\Users\dormi\.antigravity\extensions\redhat.java-1.51.0-win32-x64\jre\21.0.9-win32-x86_64\bin\net.dll
0x00007ffe203d0000 - 0x00007ffe204f8000 	C:\WINDOWS\SYSTEM32\WINHTTP.dll
0x00007ffe29e10000 - 0x00007ffe29e7b000 	C:\WINDOWS\system32\mswsock.dll
0x00007ffdd4c40000 - 0x00007ffdd4c56000 	C:\Users\dormi\.antigravity\extensions\redhat.java-1.51.0-win32-x64\jre\21.0.9-win32-x86_64\bin\nio.dll
0x00007ffe01890000 - 0x00007ffe018a0000 	c:\Users\dormi\.antigravity\extensions\redhat.java-1.51.0-win32-x64\jre\21.0.9-win32-x86_64\bin\verify.dll
0x00007ffd782b0000 - 0x00007ffd782f4000 	C:\Users\dormi\AppData\Roaming\Antigravity\User\globalStorage\redhat.java\1.51.0\config_win\org.eclipse.equinox.launcher\org.eclipse.equinox.launcher.win32.win32.x86_64_1.2.1400.v20250801-0854\eclipse_11916.dll
0x00007ffe2c850000 - 0x00007ffe2c9e7000 	C:\WINDOWS\System32\ole32.dll
0x00007ffe2a0d0000 - 0x00007ffe2a0eb000 	C:\WINDOWS\SYSTEM32\CRYPTSP.dll
0x00007ffe297e0000 - 0x00007ffe2981a000 	C:\WINDOWS\system32\rsaenh.dll
0x00007ffe29ec0000 - 0x00007ffe29eeb000 	C:\WINDOWS\SYSTEM32\USERENV.dll
0x00007ffe2a9e0000 - 0x00007ffe2aa0a000 	C:\WINDOWS\SYSTEM32\bcrypt.dll
0x00007ffe2a0f0000 - 0x00007ffe2a0fc000 	C:\WINDOWS\SYSTEM32\CRYPTBASE.dll
0x00007ffe292f0000 - 0x00007ffe29324000 	C:\WINDOWS\SYSTEM32\IPHLPAPI.DLL
0x00007ffe2c660000 - 0x00007ffe2c66a000 	C:\WINDOWS\System32\NSI.dll
0x00007ffd7b100000 - 0x00007ffd7b149000 	C:\Users\dormi\AppData\Local\Temp\jna--132844754\jna2577331033609333455.dll
0x00007ffe2c240000 - 0x00007ffe2c248000 	C:\WINDOWS\System32\PSAPI.DLL
0x00007ffe20540000 - 0x00007ffe2055e000 	C:\WINDOWS\SYSTEM32\dhcpcsvc6.DLL
0x00007ffe20270000 - 0x00007ffe20293000 	C:\WINDOWS\SYSTEM32\dhcpcsvc.DLL

JVMTI agents:
c:\Users\dormi\.antigravity\extensions\redhat.java-1.51.0-win32-x64\lombok\lombok-1.18.39-4050.jar path:c:\Users\dormi\.antigravity\extensions\redhat.java-1.51.0-win32-x64\jre\21.0.9-win32-x86_64\bin\instrument.dll, loaded, initialized, instrumentlib options:none

dbghelp: loaded successfully - version: 4.0.5 - missing functions: none
symbol engine: initialized successfully - sym options: 0x614 - pdb path: .;c:\Users\dormi\.antigravity\extensions\redhat.java-1.51.0-win32-x64\jre\21.0.9-win32-x86_64\bin;C:\WINDOWS\SYSTEM32;C:\WINDOWS\WinSxS\amd64_microsoft.windows.common-controls_6595b64144ccf1df_6.0.26100.7309_none_3e05feeae336a044;c:\Users\dormi\.antigravity\extensions\redhat.java-1.51.0-win32-x64\jre\21.0.9-win32-x86_64\bin\server;C:\Users\dormi\AppData\Roaming\Antigravity\User\globalStorage\redhat.java\1.51.0\config_win\org.eclipse.equinox.launcher\org.eclipse.equinox.launcher.win32.win32.x86_64_1.2.1400.v20250801-0854;C:\Users\dormi\AppData\Local\Temp\jna--132844754

VM Arguments:
jvm_args: --add-modules=ALL-SYSTEM --add-opens=java.base/java.util=ALL-UNNAMED --add-opens=java.base/java.lang=ALL-UNNAMED --add-opens=java.base/sun.nio.fs=ALL-UNNAMED -Declipse.application=org.eclipse.jdt.ls.core.id1 -Dosgi.bundles.defaultStartLevel=4 -Declipse.product=org.eclipse.jdt.ls.core.product -Djava.import.generatesMetadataFilesAtProjectRoot=false -DDetectVMInstallationsJob.disabled=true -Dfile.encoding=utf8 -XX:+UseParallelGC -XX:GCTimeRatio=4 -XX:AdaptiveSizePolicyWeight=90 -Dsun.zip.disableMemoryMapping=true -Xmx2G -Xms100m -Xlog:disable -javaagent:c:\Users\dormi\.antigravity\extensions\redhat.java-1.51.0-win32-x64\lombok\lombok-1.18.39-4050.jar -XX:+HeapDumpOnOutOfMemoryError -XX:HeapDumpPath=c:\Users\dormi\AppData\Roaming\Antigravity\User\workspaceStorage\27e4dfd219030b72b3d2f20eb1365bf7\redhat.java -Daether.dependencyCollector.impl=bf 
java_command: c:\Users\dormi\.antigravity\extensions\redhat.java-1.51.0-win32-x64\server\plugins\org.eclipse.equinox.launcher_1.7.100.v20251111-0406.jar -configuration c:\Users\dormi\AppData\Roaming\Antigravity\User\globalStorage\redhat.java\1.51.0\config_win -data c:\Users\dormi\AppData\Roaming\Antigravity\User\workspaceStorage\27e4dfd219030b72b3d2f20eb1365bf7\redhat.java\jdt_ws --pipe=\\.\pipe\lsp-75c1228340400ef1c73020d116620e25-sock
java_class_path (initial): c:\Users\dormi\.antigravity\extensions\redhat.java-1.51.0-win32-x64\server\plugins\org.eclipse.equinox.launcher_1.7.100.v20251111-0406.jar
Launcher Type: SUN_STANDARD

[Global flags]
    uintx AdaptiveSizePolicyWeight                 = 90                                        {product} {command line}
     intx CICompilerCount                          = 4                                         {product} {ergonomic}
    uintx GCTimeRatio                              = 4                                         {product} {command line}
     bool HeapDumpOnOutOfMemoryError               = true                                   {manageable} {command line}
    ccstr HeapDumpPath                             = c:\Users\dormi\AppData\Roaming\Antigravity\User\workspaceStorage\27e4dfd219030b72b3d2f20eb1365bf7\redhat.java         {manageable} {command line}
   size_t InitialHeapSize                          = 104857600                                 {product} {command line}
   size_t MaxHeapSize                              = 2147483648                                {product} {command line}
   size_t MaxNewSize                               = 715653120                                 {product} {ergonomic}
   size_t MinHeapDeltaBytes                        = 524288                                    {product} {ergonomic}
   size_t MinHeapSize                              = 104857600                                 {product} {command line}
   size_t NewSize                                  = 34603008                                  {product} {ergonomic}
    uintx NonNMethodCodeHeapSize                   = 5839372                                {pd product} {ergonomic}
    uintx NonProfiledCodeHeapSize                  = 122909434                              {pd product} {ergonomic}
   size_t OldSize                                  = 70254592                                  {product} {ergonomic}
    uintx ProfiledCodeHeapSize                     = 122909434                              {pd product} {ergonomic}
    uintx ReservedCodeCacheSize                    = 251658240                              {pd product} {ergonomic}
     bool SegmentedCodeCache                       = true                                      {product} {ergonomic}
   size_t SoftMaxHeapSize                          = 2147483648                             {manageable} {ergonomic}
     bool UseCompressedOops                        = true                           {product lp64_product} {ergonomic}
     bool UseLargePagesIndividualAllocation        = false                                  {pd product} {ergonomic}
     bool UseParallelGC                            = true                                      {product} {command line}

Logging:
Log output configuration:
 #0: stdout all=off uptime,level,tags foldmultilines=false
 #1: stderr all=off uptime,level,tags foldmultilines=false

Release file:
JAVA_VERSION="21.0.9" 
MODULES="java.base java.compiler java.datatransfer java.xml java.prefs java.desktop java.instrument java.logging java.management java.security.sasl java.naming java.rmi java.management.rmi java.net.http java.scripting java.security.jgss java.transaction.xa java.sql java.sql.rowset java.xml.crypto java.se java.smartcardio jdk.accessibility jdk.internal.jvmstat jdk.attach jdk.charsets jdk.internal.opt jdk.zipfs jdk.compiler jdk.crypto.ec jdk.crypto.cryptoki jdk.crypto.mscapi jdk.dynalink jdk.internal.ed jdk.editpad jdk.hotspot.agent jdk.httpserver jdk.internal.le jdk.internal.vm.ci jdk.internal.vm.compiler jdk.internal.vm.compiler.management jdk.jartool jdk.javadoc jdk.jcmd jdk.management jdk.management.agent jdk.jconsole jdk.jdeps jdk.jdwp.agent jdk.jdi jdk.jfr jdk.jshell jdk.jsobject jdk.jstatd jdk.localedata jdk.management.jfr jdk.naming.dns jdk.naming.rmi jdk.net jdk.nio.mapmode jdk.random jdk.sctp jdk.security.auth jdk.security.jgss jdk.unsupported jdk.unsupported.desktop jdk.xml.dom" 

Environment Variables:
JAVA_HOME=C:\Program Files\Java\jdk-21
PATH=C:\Program Files (x86)\VMware\VMware Player\bin\;C:\Program Files (x86)\Common Files\Intel\Shared Libraries\redist\intel64\compiler;C:\Program Files\Microsoft MPI\Bin\;C:\Program Files\Common Files\Oracle\Java\javapath;C:\Windows\system32;C:\Windows;C:\Windows\System32\Wbem;C:\Windows\System32\WindowsPowerShell\v1.0\;C:\Windows\System32\OpenSSH\;C:\Program Files (x86)\NVIDIA Corporation\PhysX\Common;C:\Program Files\NVIDIA Corporation\NVIDIA NvDLISR;C:\xampp\php;C:\Program Files\Azure Data Studio\bin;C:\Program Files\dotnet\;C:\Program Files (x86)\Windows Kits\10\Windows Performance Toolkit\;C:\Program Files (x86)\Microsoft SQL Server\160\Tools\Binn\;C:\Program Files\Microsoft SQL Server\160\Tools\Binn\;C:\Program Files\Microsoft SQL Server\Client SDK\ODBC\170\Tools\Binn\;C:\Program Files\Microsoft SQL Server\160\DTS\Binn\;C:\WINDOWS\system32;C:\WINDOWS;C:\WINDOWS\System32\Wbem;C:\WINDOWS\System32\WindowsPowerShell\v1.0\;C:\WINDOWS\System32\OpenSSH\;C:\composer;C:\Program Files\Java\jdk-21\bin;C:\Program Files\nodejs\;C:\Program Files\Docker\Docker\resources\bin;C:\Program Files\NASM;C:\Program Files\Microsoft SQL Server\150\Tools\Binn\;C:\Program Files (x86)\Statgraphics\STATGRAPHICS Centurion XVI.I\;C:\Program Files\Git\cmd;C:\Program Files\apache-maven-3.9.12\bin;C:\Program Files\PostgreSQL\18\bin;C:\Program Files\Java\jdk-25\bin;C:\Program Files (x86)\VMware\VMware Player\bin\;C:\Program Files (x86)\Common Files\Intel\Shared Libraries\redist\intel64\compiler;C:\Program Files\Microsoft MPI\Bin\;C:\Program Files\Common Files\Oracle\Java\javapath;C:\Windows\system32;C:\Windows;C:\Windows\System32\Wbem;C:\Windows\System32\WindowsPowerShell\v1.0\;C:\Windows\System32\OpenSSH\;C:\Program Files (x86)\NVIDIA Corporation\PhysX\Common;C:\Program Files\NVIDIA Corporation\NVIDIA NvDLISR;C:\xampp\php;C:\Program Files\Azure Data Studio\bin;C:\Program Files\dotnet\;C:\Program Files (x86)\Windows Kits\10\Windows Performance Toolkit\;C:\Program Files (x86)\Microsoft SQL Server\160\Tools\Binn\;C:\Program Files\Microsoft SQL Server\160\Tools\Binn\;C:\Program Files\Microsoft SQL Server\Client SDK\ODBC\170\Tools\Binn\;C:\Program Files\Microsoft SQL Server\160\DTS\Binn\;C:\Program Files\Microsoft SQL Server\150\Tools\Binn\;C:\WINDOWS\system32;C:\WINDOWS;C:\WINDOWS\System32\Wbem;C:\WINDOWS\System32\WindowsPowerShell\v1.0\;C:;C:\Users\dormi\.dotnet\tools;C:\Users\dormi\AppData\Roaming\npm;C:\Users\dormi\AppData\Local\Programs\Microsoft VS Code\bin;C:\Program Files (x86)\gputils\bin
USERNAME=usuario
OS=Windows_NT
PROCESSOR_IDENTIFIER=Intel64 Family 6 Model 141 Stepping 1, GenuineIntel
TMP=C:\Users\dormi\AppData\Local\Temp
TEMP=C:\Users\dormi\AppData\Local\Temp




Periodic native trim disabled

---------------  S Y S T E M  ---------------

OS:
 Windows 11 , 64 bit Build 26100 (10.0.26100.7309)
OS uptime: 2 days 0:44 hours
Hyper-V role detected

CPU: total 12 (initial active 12) (6 cores per cpu, 2 threads per core) family 6 model 141 stepping 1 microcode 0x3c, cx8, cmov, fxsr, ht, mmx, 3dnowpref, sse, sse2, sse3, ssse3, sse4.1, sse4.2, popcnt, lzcnt, tsc, tscinvbit, avx, avx2, aes, erms, clmul, bmi1, bmi2, adx, avx512f, avx512dq, avx512cd, avx512bw, avx512vl, sha, fma, vzeroupper, avx512_vpopcntdq, avx512_vpclmulqdq, avx512_vaes, avx512_vnni, clflush, clflushopt, clwb, avx512_vbmi2, avx512_vbmi, hv, rdtscp, rdpid, fsrm, gfni, avx512_bitalg, f16c, cet_ibt, cet_ss, avx512_ifma
Processor Information for the first 12 processors :
  Max Mhz: 2688, Current Mhz: 2688, Mhz Limit: 2688

Memory: 4k page, system-wide physical 7971M (554M free)
TotalPageFile size 32547M (AvailPageFile size 8M)
current process WorkingSet (physical memory assigned to process): 10M, peak: 279M
current process commit charge ("private bytes"): 406M, peak: 415M

vm_info: OpenJDK 64-Bit Server VM (21.0.9+10-LTS) for windows-amd64 JRE (21.0.9+10-LTS), built on 2025-10-21T00:00:00Z by "admin" with unknown MS VC++:1942

END.
